C:\Program Files (x86)\MSBuild\Microsoft.Cpp\v4.0\V140\Microsoft.CppBuild.targets(392,5): warning MSB8028: The intermediate directory (Release\) contains files shared from another project (Stereo Match.vcxproj).  This can lead to incorrect clean and rebuild behavior.
  main.cpp
main.cpp(140): warning C4101: “i”: 未引用的局部变量
main.cpp(155): warning C4018: “<”: 有符号/无符号不匹配
main.cpp(157): warning C4018: “<”: 有符号/无符号不匹配
main.cpp(164): warning C4018: “<”: 有符号/无符号不匹配
main.cpp(166): warning C4018: “<”: 有符号/无符号不匹配
main.cpp(189): warning C4018: “<”: 有符号/无符号不匹配
main.cpp(191): warning C4018: “<”: 有符号/无符号不匹配
main.cpp(201): warning C4018: “<”: 有符号/无符号不匹配
main.cpp(203): warning C4018: “<”: 有符号/无符号不匹配
main.cpp(386): warning C4018: “<”: 有符号/无符号不匹配
main.cpp(477): warning C4018: “<”: 有符号/无符号不匹配
main.cpp(494): warning C4018: “<”: 有符号/无符号不匹配
main.cpp(502): warning C4018: “<”: 有符号/无符号不匹配
main.cpp(539): warning C4018: “<”: 有符号/无符号不匹配
main.cpp(579): warning C4018: “<”: 有符号/无符号不匹配
main.cpp(581): warning C4018: “<”: 有符号/无符号不匹配
main.cpp(623): warning C4018: “<”: 有符号/无符号不匹配
main.cpp(625): warning C4018: “<”: 有符号/无符号不匹配
main.cpp(657): warning C4018: “<”: 有符号/无符号不匹配
main.cpp(664): warning C4018: “<”: 有符号/无符号不匹配
main.cpp(674): warning C4018: “<”: 有符号/无符号不匹配
main.cpp(679): warning C4018: “<”: 有符号/无符号不匹配
  正在生成代码
  2 of 2221 functions ( 0.1%) were compiled, the rest were copied from previous compilation.
    0 functions were new in current compilation
    0 functions had inline decision re-evaluated but remain unchanged
  已完成代码的生成
  liveWire.vcxproj -> D:\Study Backup\For UWO\Term1\CS9629A\9629AS3\liveWire_student\Release\liveWire.exe
  liveWire.vcxproj -> D:\Study Backup\For UWO\Term1\CS9629A\9629AS3\liveWire_student\Release\liveWire.pdb (Full PDB)
